build/app/outputs/mapping/release/seeds.txt
androidx.exifinterface.media.ExifInterfaceUtils$Api21Impl: java.io.FileDescriptor dup(java.io.FileDescriptor)
androidx.recyclerview.widget.RecyclerView: void setPreserveFocusAfterLayout(boolean)
androidx.core.view.WindowInsetsCompat$Impl: WindowInsetsCompat$Impl(androidx.core.view.WindowInsetsCompat)
io.flutter.embedding.engine.FlutterJNI: void cleanupMessageData(long)
androidx.core.content.ContextCompat$Api23Impl: int getColor(android.content.Context,int)
androidx.core.view.WindowInsetsCompat$Impl21: boolean isConsumed()
io.flutter.embedding.engine.FlutterJNI: java.lang.String getVMServiceUri()
androidx.core.view.ViewCompat$Api21Impl: void setBackgroundTintList(android.view.View,android.content.res.ColorStateList)
androidx.recyclerview.widget.RecyclerView: androidx.recyclerview.widget.RecyclerView$LayoutManager getLayoutManager()
android.support.v4.media.session.PlaybackStateCompat$Api21Impl: int getIcon(android.media.session.PlaybackState$CustomAction)
com.google.android.exoplayer2.Rating: Rating()
androidx.core.view.ViewCompat$Api21Impl: boolean isImportantForAccessibility(android.view.View)
com.google.android.exoplayer2.ui.AspectRatioFrameLayout: int getResizeMode()
com.bumptech.glide.GeneratedAppGlideModule: GeneratedAppGlideModule()
androidx.media.session.MediaButtonReceiver: void onReceive(android.content.Context,android.content.Intent)
io.flutter.embedding.android.FlutterView$ZeroSides: io.flutter.embedding.android.FlutterView$ZeroSides[] values()
androidx.core.app.NotificationCompat$CallStyle$Api31Impl: android.app.Notification$CallStyle setVerificationIcon(android.app.Notification$CallStyle,android.graphics.drawable.Icon)
androidx.core.view.WindowInsetsCompat$Impl: androidx.core.graphics.Insets getStableInsets()
androidx.core.view.WindowInsetsCompat$BuilderImpl29: WindowInsetsCompat$BuilderImpl29()
com.google.android.exoplayer2.ui.SubtitleView: void setCues(java.util.List)
androidx.core.view.ViewCompat$Api21Impl: void setElevation(android.view.View,float)
android.support.v4.media.AudioAttributesImplApi21Parcelizer: androidx.media.AudioAttributesImplApi21 read(androidx.versionedparcelable.VersionedParcel)
androidx.core.app.NotificationCompatBuilder$Api20Impl: android.app.Notification$Action$Builder addExtras(android.app.Notification$Action$Builder,android.os.Bundle)
io.flutter.embedding.engine.renderer.FlutterRenderer$ImageReaderSurfaceProducer: void waitOnFence(android.media.Image)
androidx.core.view.ViewCompat$Api26Impl: void setAutofillHints(android.view.View,java.lang.String[])
com.bumptech.glide.load.resource.bitmap.HardwareConfigState: HardwareConfigState()
io.flutter.embedding.engine.FlutterOverlaySurface: FlutterOverlaySurface(int,android.view.Surface)
com.google.android.exoplayer2.ui.AspectRatioFrameLayout: AspectRatioFrameLayout(android.content.Context,android.util.AttributeSet)
io.flutter.view.TextureRegistry$SurfaceProducer: void release()
androidx.core.view.ViewCompat$Api26Impl: void setTooltipText(android.view.View,java.lang.CharSequence)
io.flutter.plugin.editing.ImeSyncDeferringInsetsCallback$AnimationCallback: void onEnd(android.view.WindowInsetsAnimation)
androidx.core.view.DisplayCutoutCompat$Api28Impl: int getSafeInsetRight(android.view.DisplayCutout)
com.bumptech.glide.request.SingleRequest$Status: com.bumptech.glide.request.SingleRequest$Status valueOf(java.lang.String)
io.flutter.embedding.engine.FlutterJNI: void dispatchSemanticsAction(int,io.flutter.view.AccessibilityBridge$Action,java.lang.Object)
android.support.v4.media.session.PlaybackStateCompat$Api21Impl: java.lang.CharSequence getErrorMessage(android.media.session.PlaybackState)
androidx.window.area.reflectionguard.WindowAreaComponentApi2Requirements: void endRearDisplaySession()
androidx.recyclerview.widget.RecyclerView: boolean getPreserveFocusAfterLayout()
android.support.v4.media.session.PlaybackStateCompat$Api21Impl: float getPlaybackSpeed(android.media.session.PlaybackState)