build/app/outputs/mapping/release/mapping.txt
# compiler: R8
# compiler_version: 3.3.83
# min_api: 21
# common_typos_disable
# {"id":"com.android.tools.r8.mapping","version":"2.0"}
# pg_map_id: da61c93
# pg_map_hash: SHA-256 da61c93b788f99427635a69f0959fa01968787600983d12a08926380eefeb796
...
kotlin.collections.ArraysKt -> u4.f:
    java.util.List asList(java.lang.Object[]) -> b
      # {"id":"com.android.tools.r8.synthesized"}
    boolean contains(java.lang.Object[],java.lang.Object) -> f
      # {"id":"com.android.tools.r8.synthesized"}
    java.util.List drop(java.lang.Object[],int) -> g
      # {"id":"com.android.tools.r8.synthesized"}
    java.util.List filterNotNull(java.lang.Object[]) -> h
      # {"id":"com.android.tools.r8.synthesized"}
    java.lang.Object getOrNull(java.lang.Object[],int) -> k
      # {"id":"com.android.tools.r8.synthesized"}
    char single(char[]) -> m
      # {"id":"com.android.tools.r8.synthesized"}
    java.lang.Object singleOrNull(java.lang.Object[]) -> n
      # {"id":"com.android.tools.r8.synthesized"}
kotlin.collections.ArraysKt__ArraysJVMKt -> u4.g:
    java.lang.Object[] arrayOfNulls(java.lang.Object[],int) -> a
kotlin.collections.ArraysKt__ArraysKt -> u4.h:
kotlin.collections.ArraysKt___ArraysJvmKt -> u4.i:
    java.util.List asList(java.lang.Object[]) -> b
    java.lang.Object[] copyInto(java.lang.Object[],java.lang.Object[],int,int,int) -> c
    java.lang.Object[] copyInto$default(java.lang.Object[],java.lang.Object[],int,int,int,int,java.lang.Object) -> d
    void fill(java.lang.Object[],java.lang.Object,int,int) -> e
kotlin.collections.ArraysKt___ArraysKt -> u4.j:
    boolean contains(java.lang.Object[],java.lang.Object) -> f
    java.util.List drop(java.lang.Object[],int) -> g
    java.util.List filterNotNull(java.lang.Object[]) -> h
    java.util.Collection filterNotNullTo(java.lang.Object[],java.util.Collection) -> i
    int getLastIndex(java.lang.Object[]) -> j
    java.lang.Object getOrNull(java.lang.Object[],int) -> k
    int indexOf(java.lang.Object[],java.lang.Object) -> l
    char single(char[]) -> m
    java.lang.Object singleOrNull(java.lang.Object[]) -> n
    java.util.List takeLast(java.lang.Object[],int) -> o
    java.util.List toList(java.lang.Object[]) -> p
    java.util.List toMutableList(java.lang.Object[]) -> q
kotlin.collections.ArraysUtilJVM -> u4.k:
    java.util.List asList(java.lang.Object[]) -> a
kotlin.collections.CollectionsKt -> u4.l:
    java.util.List toList(java.lang.Iterable) -> C
      # {"id":"com.android.tools.r8.synthesized"}
    java.util.List toMutableList(java.util.Collection) -> E
      # {"id":"com.android.tools.r8.synthesized"}
    java.util.Set toSet(java.lang.Iterable) -> F
      # {"id":"com.android.tools.r8.synthesized"}
    java.util.List zip(java.lang.Iterable,java.lang.Iterable) -> G
      # {"id":"com.android.tools.r8.synthesized"}
    java.util.List listOf(java.lang.Object) -> b
      # {"id":"com.android.tools.r8.synthesized"}
    java.util.ArrayList arrayListOf(java.lang.Object[]) -> d
      # {"id":"com.android.tools.r8.synthesized"}
    java.util.List emptyList() -> f
      # {"id":"com.android.tools.r8.synthesized"}
    int getLastIndex(java.util.List) -> g
      # {"id":"com.android.tools.r8.synthesized"}
    java.util.List listOf(java.lang.Object[]) -> h
      # {"id":"com.android.tools.r8.synthesized"}
    void throwIndexOverflow() -> j
      # {"id":"com.android.tools.r8.synthesized"}
    int collectionSizeOrDefault(java.lang.Iterable,int) -> k
      # {"id":"com.android.tools.r8.synthesized"}
    boolean addAll(java.util.Collection,java.lang.Iterable) -> l
      # {"id":"com.android.tools.r8.synthesized"}
    boolean retainAll(java.lang.Iterable,kotlin.jvm.functions.Function1) -> n
      # {"id":"com.android.tools.r8.synthesized"}
    boolean contains(java.lang.Iterable,java.lang.Object) -> o
kotlin.collections.CollectionsKt__CollectionsJVMKt -> u4.m:
    java.lang.Object[] copyToArrayOfAny(java.lang.Object[],boolean) -> a
    java.util.List listOf(java.lang.Object) -> b
    java.lang.Object[] terminateCollectionToArray(int,java.lang.Object[]) -> c