build/app/outputs/mapping/release/usage.txt
com.google.android.exoplayer2.ui.StyledPlayerControlView$VisibilityListener
com.google.android.exoplayer2.ui.StyledPlayerControlView
com.google.android.exoplayer2.ui.StyledPlayerControlViewLayoutManager$1
com.google.android.exoplayer2.ui.StyledPlayerControlViewLayoutManager$2
com.google.android.exoplayer2.ui.StyledPlayerControlViewLayoutManager$3
com.google.android.exoplayer2.ui.StyledPlayerControlViewLayoutManager$4
com.google.android.exoplayer2.ui.StyledPlayerControlViewLayoutManager$5
com.google.android.exoplayer2.ui.StyledPlayerControlViewLayoutManager$6
com.google.android.exoplayer2.ui.StyledPlayerControlViewLayoutManager$7
com.google.android.exoplayer2.ui.StyledPlayerControlViewLayoutManager$8
com.google.android.exoplayer2.ui.StyledPlayerControlViewLayoutManager$9
com.google.android.exoplayer2.ui.StyledPlayerControlViewLayoutManager
com.google.android.exoplayer2.ui.StyledPlayerView$ComponentListener
com.google.android.exoplayer2.ui.StyledPlayerView$ControllerVisibilityListener
com.google.android.exoplayer2.ui.StyledPlayerView$FullscreenButtonClickListener
com.google.android.exoplayer2.ui.StyledPlayerView$ShowBuffering
com.google.android.exoplayer2.ui.StyledPlayerView
com.google.android.exoplayer2.ui.SubtitlePainter:
    private static final float INNER_PADDING_RATIO
    private static final java.lang.String TAG
com.google.android.exoplayer2.ui.SubtitleView$ViewType
com.google.android.exoplayer2.ui.SubtitleView:
    public static final float DEFAULT_BOTTOM_PADDING_FRACTION
    public static final float DEFAULT_TEXT_SIZE_FRACTION
    public static final int VIEW_TYPE_CANVAS
    public static final int VIEW_TYPE_WEB
    public void <init>(android.content.Context)
    public void setFixedTextSize(int,float)
    public void setUserDefaultStyle()
    public void setUserDefaultTextSize()
com.google.android.exoplayer2.ui.SubtitleViewUtils:
    private void <init>()
com.google.android.exoplayer2.ui.TimeBar$OnScrubListener
com.google.android.exoplayer2.ui.TimeBar
com.google.android.exoplayer2.ui.TrackSelectionDialogBuilder$DialogCallback
com.google.android.exoplayer2.ui.TrackSelectionDialogBuilder
com.google.android.exoplayer2.ui.TrackSelectionView:
    public void <init>(android.content.Context)
    public void init(java.util.List,boolean,java.util.Map,java.util.Comparator,com.google.android.exoplayer2.ui.TrackSelectionView$TrackSelectionListener)
    private static synthetic int lambda$init$0(java.util.Comparator,com.google.android.exoplayer2.ui.TrackSelectionView$TrackInfo,com.google.android.exoplayer2.ui.TrackSelectionView$TrackInfo)
com.google.android.exoplayer2.ui.WebViewSubtitleOutput:
    private static final float CSS_LINE_HEIGHT
    private static final java.lang.String DEFAULT_BACKGROUND_CSS_CLASS
com.google.android.exoplayer2.ui.package-info
com.google.android.exoplayer2.upstream.Allocator:
    public abstract int getTotalBytesAllocated()
com.google.android.exoplayer2.upstream.AssetDataSource$AssetDataSourceException:
    public void <init>(java.io.IOException)
com.google.android.exoplayer2.upstream.BuildConfig
com.google.android.exoplayer2.upstream.ByteArrayDataSink
com.google.android.exoplayer2.upstream.ByteArrayDataSource
com.google.android.exoplayer2.upstream.CachedRegionTracker$Region
com.google.android.exoplayer2.upstream.CachedRegionTracker
com.google.android.exoplayer2.upstream.ContentDataSource$ContentDataSourceException:
    public void <init>(java.io.IOException)
com.google.android.exoplayer2.upstream.DataSchemeDataSource:
    public static final java.lang.String SCHEME_DATA
com.google.android.exoplayer2.upstream.DataSink$Factory
com.google.android.exoplayer2.upstream.DataSink
com.google.android.exoplayer2.upstream.DataSourceException:
    public static final int POSITION_OUT_OF_RANGE
com.google.android.exoplayer2.upstream.DataSourceInputStream:
    public long bytesRead()